INFO - 
--------- Loss ---------
INFO - Name : nll
INFO - eta : 2
INFO - 
------ Optimizer -----
INFO - Name : adam
INFO - lr : 0.0005
INFO - 
------ Initializer -----
INFO - Name : xavier
INFO - uniform : False
INFO - 
--------- Loss ---------
INFO - Name : nll
INFO - eta : 2
INFO - 
------ Optimizer -----
INFO - Name : adam
INFO - lr : 0.0005
INFO - 
------ Initializer -----
INFO - Name : xavier
INFO - uniform : False
INFO - 
--------- Loss ---------
INFO - Name : nll
INFO - eta : 2
INFO - 
------ Optimizer -----
INFO - Name : adam
INFO - lr : 0.0005
INFO - 
------ Initializer -----
INFO - Name : xavier
INFO - uniform : False
INFO - 
--------- Loss ---------
INFO - Name : nll
INFO - eta : 2
INFO - 
------ Optimizer -----
INFO - Name : adam
INFO - lr : 0.0005
INFO - 
------ Initializer -----
INFO - Name : xavier
INFO - uniform : False
INFO - 
--------- Loss ---------
INFO - Name : nll
INFO - eta : 2
INFO - 
------ Optimizer -----
INFO - Name : adam
INFO - lr : 0.0005
INFO - 
------ Initializer -----
INFO - Name : xavier
INFO - uniform : False
INFO - 
--------- Loss ---------
INFO - Name : nll
INFO - eta : 2
INFO - 
------ Optimizer -----
INFO - Name : adam
INFO - lr : 0.0005
INFO - 
------ Initializer -----
INFO - Name : xavier
INFO - uniform : False
INFO - 
--------- Loss ---------
INFO - Name : nll
INFO - eta : 2
INFO - 
------ Optimizer -----
INFO - Name : adam
INFO - lr : 0.0005
INFO - 
------ Initializer -----
INFO - Name : xavier
INFO - uniform : False
INFO - 
--------- Loss ---------
INFO - Name : nll
INFO - eta : 2
INFO - 
------ Optimizer -----
INFO - Name : adam
INFO - lr : 0.0005
INFO - 
------ Initializer -----
INFO - Name : xavier
INFO - uniform : False
INFO - 
--------- Loss ---------
INFO - Name : nll
INFO - eta : 2
INFO - 
------ Optimizer -----
INFO - Name : adam
INFO - lr : 0.0005
INFO - 
------ Initializer -----
INFO - Name : xavier
INFO - uniform : False
INFO - 
--------- Loss ---------
INFO - Name : nll
INFO - eta : 2
INFO - 
------ Optimizer -----
INFO - Name : adam
INFO - lr : 0.0005
INFO - 
------ Initializer -----
INFO - Name : xavier
INFO - uniform : False
INFO - 
--------- Loss ---------
INFO - Name : nll
INFO - eta : 2
INFO - 
------ Optimizer -----
INFO - Name : adam
INFO - lr : 0.0005
INFO - 
------ Initializer -----
INFO - Name : xavier
INFO - uniform : False
INFO - 
--------- Loss ---------
INFO - Name : nll
INFO - eta : 2
INFO - 
------ Optimizer -----
INFO - Name : adam
INFO - lr : 0.0005
INFO - 
------ Initializer -----
INFO - Name : xavier
INFO - uniform : False
INFO - 
--------- Loss ---------
INFO - Name : nll
INFO - eta : 2
INFO - 
------ Optimizer -----
INFO - Name : adam
INFO - lr : 0.0005
INFO - 
------ Initializer -----
INFO - Name : xavier
INFO - uniform : False
INFO - 
--------- Loss ---------
INFO - Name : bce
INFO - eta : 2
INFO - label_smoothing : 0.1
INFO - label_weighting : False
INFO - 
------ Optimizer -----
INFO - Name : adam
INFO - lr : 0.0005
INFO - 
------ Initializer -----
INFO - Name : xavier
INFO - uniform : False
INFO - 
--------- Loss ---------
INFO - Name : nll
INFO - eta : 2
INFO - 
------ Optimizer -----
INFO - Name : adam
INFO - lr : 0.0005
INFO - 
------ Initializer -----
INFO - Name : xavier
INFO - uniform : False
INFO - 
--------- Loss ---------
INFO - Name : nll
INFO - eta : 2
INFO - 
------ Optimizer -----
INFO - Name : adam
INFO - lr : 0.0005
INFO - 
------ Initializer -----
INFO - Name : xavier
INFO - uniform : False
INFO - 
--------- Loss ---------
INFO - Name : nll
INFO - eta : 2
INFO - 
------ Optimizer -----
INFO - Name : adam
INFO - lr : 0.0005
INFO - 
------ Initializer -----
INFO - Name : xavier
INFO - uniform : False
INFO - 
--------- Loss ---------
INFO - Name : nll
INFO - eta : 2
INFO - 
------ Optimizer -----
INFO - Name : adam
INFO - lr : 0.0005
INFO - 
------ Initializer -----
INFO - Name : xavier
INFO - uniform : False
INFO - 
--------- Loss ---------
INFO - Name : nll
INFO - eta : 2
INFO - 
------ Optimizer -----
INFO - Name : adam
INFO - lr : 0.0005
INFO - 
------ Initializer -----
INFO - Name : xavier
INFO - uniform : False
INFO - 
--------- Loss ---------
INFO - Name : nll
INFO - eta : 2
INFO - 
------ Optimizer -----
INFO - Name : adam
INFO - lr : 0.0005
INFO - 
------ Initializer -----
INFO - Name : xavier
INFO - uniform : False
INFO - 
--------- Loss ---------
INFO - Name : nll
INFO - eta : 2
INFO - 
------ Optimizer -----
INFO - Name : adam
INFO - lr : 0.0005
INFO - 
------ Initializer -----
INFO - Name : xavier
INFO - uniform : False
INFO - 
--------- Loss ---------
INFO - Name : nll
INFO - eta : 2
INFO - 
------ Optimizer -----
INFO - Name : adam
INFO - lr : 0.0005
INFO - 
------ Initializer -----
INFO - Name : xavier
INFO - uniform : False
INFO - 
--------- Loss ---------
INFO - Name : nll
INFO - eta : 2
INFO - 
------ Optimizer -----
INFO - Name : adam
INFO - lr : 0.0005
INFO - 
------ Initializer -----
INFO - Name : xavier
INFO - uniform : False
INFO - 
--------- Loss ---------
INFO - Name : nll
INFO - eta : 2
INFO - 
------ Optimizer -----
INFO - Name : adam
INFO - lr : 0.0005
INFO - 
------ Initializer -----
INFO - Name : xavier
INFO - uniform : False
INFO - 
--------- Loss ---------
INFO - Name : nll
INFO - eta : 2
INFO - 
------ Optimizer -----
INFO - Name : adam
INFO - lr : 0.0005
INFO - 
------ Initializer -----
INFO - Name : xavier
INFO - uniform : False
WARNING - All triples will be processed in the same batch (batches_count=1). When processing large graphs it is recommended to batch the input knowledge graph instead.
WARNING - All triples will be processed in the same batch (batches_count=1). When processing large graphs it is recommended to batch the input knowledge graph instead.
WARNING - All triples will be processed in the same batch (batches_count=1). When processing large graphs it is recommended to batch the input knowledge graph instead.
WARNING - All triples will be processed in the same batch (batches_count=1). When processing large graphs it is recommended to batch the input knowledge graph instead.
WARNING - All triples will be processed in the same batch (batches_count=1). When processing large graphs it is recommended to batch the input knowledge graph instead.
WARNING - All triples will be processed in the same batch (batches_count=1). When processing large graphs it is recommended to batch the input knowledge graph instead.
WARNING - All triples will be processed in the same batch (batches_count=1). When processing large graphs it is recommended to batch the input knowledge graph instead.
WARNING - All triples will be processed in the same batch (batches_count=1). When processing large graphs it is recommended to batch the input knowledge graph instead.
INFO - 
--------- Loss ---------
INFO - Name : pairwise
INFO - eta : 20
INFO - margin : 1
INFO - 
------ Optimizer -----
INFO - Name : adam
INFO - lr : 0.0001
INFO - 
------ Initializer -----
INFO - Name : xavier
INFO - uniform : False
INFO - 
--------- Loss ---------
INFO - Name : pairwise
INFO - eta : 20
INFO - margin : 1
INFO - 
------ Optimizer -----
INFO - Name : adam
INFO - lr : 0.0001
INFO - 
------ Initializer -----
INFO - Name : xavier
INFO - uniform : False
INFO - 
--------- Loss ---------
INFO - Name : pairwise
INFO - eta : 20
INFO - margin : 1
INFO - 
------ Optimizer -----
INFO - Name : adam
INFO - lr : 0.0001
INFO - 
------ Initializer -----
INFO - Name : xavier
INFO - uniform : False
